{
  "stats": {
    "suites": 1,
    "tests": 4,
    "passes": 4,
    "pending": 0,
    "failures": 0,
    "start": "2022-03-10T21:15:10.439Z",
    "end": "2022-03-10T21:15:23.680Z",
    "duration": 13241,
    "testsRegistered": 4,
    "passPercent": 100,
    "pendingPercent": 0,
    "other": 0,
    "hasOther": false,
    "skipped": 0,
    "hasSkipped": false
  },
  "results": [
    {
      "uuid": "1fb314a7-9639-4993-ab8f-8292fd2cda32",
      "title": "",
      "fullFile": "cypress/integration/1-alurapic/alurapic.spec.js",
      "file": "cypress/integration/1-alurapic/alurapic.spec.js",
      "beforeHooks": [],
      "afterHooks": [],
      "tests": [],
      "suites": [
        {
          "uuid": "d1a14ab3-801b-4b9d-9974-cbdbf5ee0299",
          "title": "Login e registro de usuarios alura pic",
          "fullFile": "",
          "file": "",
          "beforeHooks": [],
          "afterHooks": [],
          "tests": [
            {
              "title": "verifica mensagens validacao",
              "fullTitle": "Login e registro de usuarios alura pic verifica mensagens validacao",
              "timedOut": null,
              "duration": 3606,
              "state": "passed",
              "speed": "fast",
              "pass": true,
              "fail": false,
              "pending": false,
              "context": null,
              "code": "cy.contains('a', 'Register now').click();\ncy.contains('button', 'Register').click();\ncy.contains('ap-vmessage', 'Email is required!').should('be.visible');\ncy.contains('button', 'Register').click();\ncy.contains('ap-vmessage', 'Full name is required!').should('be.visible');\ncy.contains('ap-vmessage', 'User name is required!').should('be.visible');\ncy.contains('ap-vmessage', 'Password is required!').should('be.visible');",
              "err": {},
              "uuid": "4619d068-3810-4ddc-8760-35d55cdd8e12",
              "parentUUID": "d1a14ab3-801b-4b9d-9974-cbdbf5ee0299",
              "isHook": false,
              "skipped": false
            },
            {
              "title": "verifica mensagem de email invalido",
              "fullTitle": "Login e registro de usuarios alura pic verifica mensagem de email invalido",
              "timedOut": null,
              "duration": 2010,
              "state": "passed",
              "speed": "fast",
              "pass": true,
              "fail": false,
              "pending": false,
              "context": null,
              "code": "cy.contains('a', 'Register now').click();\ncy.contains('button', 'Register').click();\ncy.get('input[formcontrolname=\"email\"]').type('Elza');\ncy.contains('ap-vmessage', 'Invalid e-mail').should('be.visible');",
              "err": {},
              "uuid": "b4ceb512-d2c1-40e6-b3b5-b6d44c582b0b",
              "parentUUID": "d1a14ab3-801b-4b9d-9974-cbdbf5ee0299",
              "isHook": false,
              "skipped": false
            },
            {
              "title": "verifica mensagem de senha com menos de 8 caracteres",
              "fullTitle": "Login e registro de usuarios alura pic verifica mensagem de senha com menos de 8 caracteres",
              "timedOut": null,
              "duration": 2077,
              "state": "passed",
              "speed": "fast",
              "pass": true,
              "fail": false,
              "pending": false,
              "context": null,
              "code": "cy.contains('a', 'Register now').click();\ncy.contains('button', 'Register').click();\ncy.get('input[formcontrolname=\"password\"]').type('1234567');\ncy.contains('button', 'Register').click();\ncy.contains('ap-vmessage', 'Mininum length is 8').should('be.visible');",
              "err": {},
              "uuid": "4613b180-281f-4b2d-8aa4-c4f7c56a6c80",
              "parentUUID": "d1a14ab3-801b-4b9d-9974-cbdbf5ee0299",
              "isHook": false,
              "skipped": false
            },
            {
              "title": "verifica mensagem de campo do username com letra maiuscula",
              "fullTitle": "Login e registro de usuarios alura pic verifica mensagem de campo do username com letra maiuscula",
              "timedOut": null,
              "duration": 1851,
              "state": "passed",
              "speed": "fast",
              "pass": true,
              "fail": false,
              "pending": false,
              "context": null,
              "code": "cy.contains('a', 'Register now').click();\ncy.contains('button', 'Register').click();\ncy.get('input[formcontrolname=\"userName\"]').type('ELZA');\ncy.contains('button', 'Register').click();\ncy.contains('ap-vmessage', 'Must be lower case').should('be.visible');",
              "err": {},
              "uuid": "e0b0e49f-c1fe-4a0e-9254-c0111a2f6f60",
              "parentUUID": "d1a14ab3-801b-4b9d-9974-cbdbf5ee0299",
              "isHook": false,
              "skipped": false
            }
          ],
          "suites": [],
          "passes": [
            "4619d068-3810-4ddc-8760-35d55cdd8e12",
            "b4ceb512-d2c1-40e6-b3b5-b6d44c582b0b",
            "4613b180-281f-4b2d-8aa4-c4f7c56a6c80",
            "e0b0e49f-c1fe-4a0e-9254-c0111a2f6f60"
          ],
          "failures": [],
          "pending": [],
          "skipped": [],
          "duration": 9544,
          "root": false,
          "rootEmpty": false,
          "_timeout": 2000
        }
      ],
      "passes": [],
      "failures": [],
      "pending": [],
      "skipped": [],
      "duration": 0,
      "root": true,
      "rootEmpty": true,
      "_timeout": 2000
    }
  ],
  "meta": {
    "mocha": {
      "version": "7.0.1"
    },
    "mochawesome": {
      "options": {
        "quiet": false,
        "reportFilename": "mochawesome",
        "saveHtml": true,
        "saveJson": true,
        "consoleReporter": "spec",
        "useInlineDiffs": false,
        "code": true
      },
      "version": "7.1.2"
    },
    "marge": {
      "options": {
        "reportDir": "cypress/report/mochawasome-report",
        "overwrite": true,
        "html": true,
        "json": true,
        "timestamp": "mmddyyy_HHMMss"
      },
      "version": "6.1.1"
    }
  }
}